code/ide/fb/MobWIN_Sample_2.0_Release/proguard.cfg
-optimizationpasses 5
-dontusemixedcaseclassnames
-dontskipnonpubliclibraryclasses
-dontpreverify
-verbose
-optimizations !code/simplification/arithmetic,!field/*,!class/merging/*

-keep public class * extends android.app.Activity
-keep public class * extends android.app.Application
-keep public class * extends android.app.Service
-keep public class * extends android.content.BroadcastReceiver
-keep public class * extends android.content.ContentProvider
-keep public class * extends android.app.backup.BackupAgentHelper
-keep public class * extends android.preference.Preference
-keep public class com.android.vending.licensing.ILicensingService

-keep class com.tencent.exmobwin.MobWINManager
-keep public class com.tencent.exmobwin.MobWINManager {
    public *;

}

-keep class com.tencent.exmobwin.Type
-keep public class com.tencent.exmobwin.Type {
    public *;

}

-keep class com.tencent.exmobwin.banner.MobWINBrowserActivity
-keep public class com.tencent.exmobwin.banner.MobWINBrowserActivity {
 	public *;
  	protected *;
}

-keep class com.tencent.exmobwin.banner.DialogActivity
-keep public class com.tencent.exmobwin.banner.DialogActivity {
 	public *;
 	protected *;
}

-keep class com.tencent.exmobwin.banner.TAdView
-keep public class com.tencent.exmobwin.banner.TAdView {
    public *;
}

-keep interface com.tencent.exmobwin.banner.AdListener
{
	public *;
}

-keepclassmembernames class * {
	public static **[] values();
	
}

-keepclassmembernames class * {
    java.lang.Class class$(java.lang.String);
    java.lang.Class class$(java.lang.String, boolean);
}

-keepclassmembernames class * {
    java.lang.Class class$(java.lang.String);
    java.lang.Class class$(java.lang.String, boolean);
}


-keepclasseswithmembers class * {
    native <methods>;
}

-keepclasseswithmembers class * {
    public <init>(android.content.Context, android.util.AttributeSet);
}

-keepclasseswithmembers class * {
    public <init>(android.content.Context, android.util.AttributeSet, int);
}

-keepclassmembers enum * {
    public static **[] values();
    public static ** valueOf(java.lang.String);
}

-keep class * implements android.os.Parcelable {
  public static final android.os.Parcelable$Creator *;
}