code/ide/fb/MobWIN_Sample_2.0_Release/proguard/mapping.txt
com.tencent.exmobwin.MobWINManager -> com.tencent.exmobwin.MobWINManager:
    void init(android.content.Context,int[]) -> init
    void init(android.content.Context,java.lang.String,java.lang.String,java.lang.String,int[]) -> init
    void destroy() -> destroy
com.tencent.exmobwin.Type -> com.tencent.exmobwin.Type:
    int MOBWIN_BANNER -> MOBWIN_BANNER
    int MOBWIN_SPOT -> MOBWIN_SPOT
    int MOBWIN_INTEGRALWALL -> MOBWIN_INTEGRALWALL
    int MOBWIN_MINIBANNER -> MOBWIN_MINIBANNER
com.tencent.exmobwin.a.a -> com.tencent.exmobwin.a.a:
    com.tencent.exmobwin.a.e a -> a
    java.util.ArrayList b -> b
    void run() -> run
com.tencent.exmobwin.a.b -> com.tencent.exmobwin.a.b:
    byte[] s -> a
    java.util.List t -> b
    java.util.HashMap u -> c
    java.util.HashMap v -> d
    java.util.HashMap w -> e
    boolean x -> f
    com.tencent.exmobwin.c.f y -> g
    android.content.Context z -> h
    com.tencent.exmobwin.b.h A -> i
    boolean C -> j
    void a(com.tencent.exmobwin.c.c) -> a
    void a(org.apache.http.HttpResponse,com.tencent.exmobwin.b.b) -> a
    void a(int,com.tencent.exmobwin.b.b) -> a
    void b(com.tencent.exmobwin.c.c) -> b
    void a(int) -> a
    void a(boolean) -> a
    void b() -> a
com.tencent.exmobwin.a.c -> com.tencent.exmobwin.a.c:
    java.util.WeakHashMap b -> a
com.tencent.exmobwin.a.d -> com.tencent.exmobwin.a.d:
    android.content.Context a -> g
    java.lang.String f -> a
    java.lang.String g -> b
    java.lang.String h -> c
    java.lang.String i -> d
    java.lang.String j -> e
    int k -> f
    java.lang.String e() -> a
    java.lang.String f() -> b
    void b(android.content.Context) -> a
    boolean h() -> c
    boolean a(int) -> a
    void b() -> d
    void d() -> e
com.tencent.exmobwin.a.e -> com.tencent.exmobwin.a.e:
    java.lang.Object g -> b
    com.tencent.exmobwin.a.e h -> c
    long s -> d
    android.content.Context t -> e
    java.util.HashMap z -> f
    int A -> g
    com.tencent.exmobwin.c.f B -> h
    com.tencent.exmobwin.a.b C -> i
    boolean e -> a
    boolean D -> j
    com.tencent.exmobwin.a.e a() -> a
    void a(android.content.Context,int[]) -> a
    void a(java.lang.String,java.lang.String,java.lang.String,boolean) -> a
    void a(org.apache.http.HttpResponse,com.tencent.exmobwin.b.b) -> a
    void a(int,com.tencent.exmobwin.b.b) -> a
    java.lang.String c() -> b
    java.util.ArrayList a(boolean) -> a
    com.tencent.exmobwin.c.a a(boolean,int) -> a
    org.json.JSONObject a(java.util.ArrayList) -> a
    java.util.ArrayList a(java.lang.String) -> a
    void d() -> c
    void e() -> d
    android.content.Context a(com.tencent.exmobwin.a.e) -> a
com.tencent.exmobwin.a.f -> com.tencent.exmobwin.a.f:
    boolean a -> a
    void a(java.lang.String,java.lang.String) -> a
    void b(java.lang.String,java.lang.String) -> b
    void d(java.lang.String,java.lang.String) -> c
com.tencent.exmobwin.a.g -> com.tencent.exmobwin.a.g:
    int c -> a
    java.lang.String b$1afe14f3() -> b
    int[] a() -> a
    java.lang.String c(android.content.Context) -> b
    java.lang.String a(android.content.Context) -> a
    void b$5ffc00fd(java.lang.String) -> a
    void c(android.content.Context,java.lang.String) -> a
    java.lang.String a(java.lang.String) -> b
    int b(java.lang.String) -> c
com.tencent.exmobwin.a.h -> com.tencent.exmobwin.a.h:
    byte[] a$5cf121cf(byte[],int,int[]) -> a
    byte[] b$5cf121cf(byte[],int,int[]) -> b
    int[] a(byte[],int) -> a
    byte[] a$1c973543(int[]) -> a
    int a(byte) -> a
    byte[] a(java.lang.String) -> a
    java.lang.String a(byte[]) -> a
    byte[] b(byte[]) -> b
    byte[] c(byte[]) -> c
com.tencent.exmobwin.a.i -> com.tencent.exmobwin.a.i:
    com.tencent.exmobwin.a.e a -> a
    void run() -> run
com.tencent.exmobwin.b.a -> com.tencent.exmobwin.b.a:
    void a(boolean) -> a