code/ide/fb/MobWIN_Sample_2.0_Release/proguard/usage.txt
android.annotation.SuppressLint
android.annotation.TargetApi
com.tencent.exmobwin.MobWINManager:
    private static final java.lang.String a
com.tencent.exmobwin.a.b:
    private static final java.lang.String r
    private static final int B
    public static final int a
    public static final int b
    public static final int c
    public static final int d
    public static final int e
    public static final int f
    public static final int g
    public static final int h
    public static final int i
com.tencent.exmobwin.a.c:
    public static final int a
    public static final java.lang.String c
    public static final java.lang.String d
    public static final java.lang.String e
    public static final java.lang.String f
    public c()
com.tencent.exmobwin.a.d:
    public static final java.lang.String e
    public android.content.Context g()
com.tencent.exmobwin.a.e:
    private static final java.lang.String f
    private static final java.lang.String i
    private static final java.lang.String r
    public static final java.lang.String a
    private static final int u
    public static final int b
    public static final int c
    private static final int v
    private static final int w
    private static final int x
    private static final int y
    public static final int d
    public com.tencent.exmobwin.a.b b()
com.tencent.exmobwin.a.f:
    public f()
    public static void c(java.lang.String,java.lang.String)
com.tencent.exmobwin.a.g:
    private static final java.lang.String b
    public static final java.lang.String a
    public g()
    public static void a(android.content.Context,java.lang.String)
com.tencent.exmobwin.a.h:
    public h()
com.tencent.exmobwin.b.b:
    private static final java.lang.String n
    public static final int b
    public static final int c
    public static final int d
    public static final int g
com.tencent.exmobwin.b.c:
    private static final long a
    public c(java.lang.String)
com.tencent.exmobwin.b.e:
    public static final int j
    public static final int k
    public static final int l
    public static final int m
    public static final int n
    public static final int o
    public static final int p
    public static final int q
com.tencent.exmobwin.b.g:
    private static final long a
com.tencent.exmobwin.b.h:
    private static final java.lang.String d
    public static final java.lang.String a
    private static final int h
    private static final int i
    private static final int j
com.tencent.exmobwin.banner.DialogActivity:
    private static final java.lang.String a
    private static final java.lang.String b
com.tencent.exmobwin.banner.MobWINBrowserActivity:
    private static final java.lang.String a
    private static final java.lang.String b
    private static final int c
    private static final int d
com.tencent.exmobwin.banner.a:
    private static final java.lang.String l
    private static final java.lang.String m
    private static final java.lang.String n
    private static final int o
com.tencent.exmobwin.c.a:
    private java.lang.String a
    public void a(java.lang.String)
    public java.lang.String a()
com.tencent.exmobwin.c.c:
    public static final int a
    public static final int b
    public static final int c
    public c(java.lang.String,int,java.lang.String)
    public java.lang.String j()
com.tencent.exmobwin.c.d:
    public static final int a
com.tencent.exmobwin.c.e
com.tencent.exmobwin.c.f:
    private static final java.lang.String a
    private static final java.lang.String b
    public java.util.ArrayList a()
com.tencent.exmobwin.d.a:
    private static final java.lang.String a
    public a()
    public static java.lang.String a(android.content.Context,java.lang.String)
    public static java.lang.String c(android.content.Context)
com.tencent.mobwin.plugin.BuildConfig
com.tencent.mobwin.plugin.R